<?xml version="1.0" encoding="UTF-8"?>
<testng-results ignored="0" total="1" passed="1" failed="0" skipped="0">
  <reporter-output>
  </reporter-output>
  <suite started-at="2024-01-12T11:36:10 IST" name="AutimationFlipcart" finished-at="2024-01-12T11:36:19 IST" duration-ms="9204">
    <groups>
    </groups>
    <test started-at="2024-01-12T11:36:10 IST" name="test" finished-at="2024-01-12T11:36:19 IST" duration-ms="9204">
      <class name="test.Selenium">
        <test-method signature="Flipcart()[pri:0, instance:test.Selenium@1cbbffcd]" started-at="2024-01-12T11:36:10 IST" name="Flipcart" finished-at="2024-01-12T11:36:19 IST" duration-ms="9163" status="PASS">
          <reporter-output>
          </reporter-output>
        </test-method> <!-- Flipcart -->
      </class> <!-- test.Selenium -->
    </test> <!-- test -->
  </suite> <!-- AutimationFlipcart -->
</testng-results>
