<?xml version="1.0" encoding="UTF-8"?>
<testng-results ignored="0" total="1" passed="1" failed="0" skipped="0">
  <reporter-output>
  </reporter-output>
  <suite started-at="2024-08-06T10:17:37 IST" name="Default suite" finished-at="2024-08-06T10:17:46 IST" duration-ms="8997">
    <groups>
    </groups>
    <test started-at="2024-08-06T10:17:37 IST" name="Default test" finished-at="2024-08-06T10:17:46 IST" duration-ms="8997">
      <class name="Sandeep.tests.SubmitOrdertest">
        <test-method signature="submitOrder()[pri:0, instance:Sandeep.tests.SubmitOrdertest@2e005c4b]" started-at="2024-08-06T10:17:37 IST" name="submitOrder" finished-at="2024-08-06T10:17:46 IST" duration-ms="8884" status="PASS">
          <reporter-output>
          </reporter-output>
        </test-method> <!-- submitOrder -->
      </class> <!-- Sandeep.tests.SubmitOrdertest -->
    </test> <!-- Default test -->
  </suite> <!-- Default suite -->
</testng-results>
